# JRE version: OpenJDK Runtime Environment Temurin-22.0.1+8 (22.0.1+8) (build 22.0.1+8)
# Java VM: OpenJDK 64-Bit Server VM Temurin-22.0.1+8 (22.0.1+8, mixed mode, emulated-client, tiered, compressed oops, compressed class ptrs, g1 gc, windows-amd64)
GC Precious Log:
 CardTable entry size: 512
 Card Set container configuration: InlinePtr #cards 5 size 8 Array Of Cards #cards 12 size 40 Howl #buckets 4 coarsen threshold 1843 Howl Bitmap #cards 512 size 80 coarsen threshold 460 Card regions per heap region 1 cards per card region 2048
 CPUs: 20 total, 20 available
 Memory: 30413M
 Large Page Support: Disabled
 NUMA Support: Disabled
 Compressed Oops: Enabled (32-bit)
 Heap Region Size: 1M
 Heap Min Capacity: 8M
 Heap Initial Capacity: 476M
 Heap Max Capacity: 1G
 Pre-touch: Disabled
 Parallel Workers: 15
 Concurrent Workers: 4
 Concurrent Refinement Workers: 15
 Periodic GC: Disabled
Heap:
 garbage-first heap   total reserved 1048576K, committed 137216K, used 38389K [0x00000000c0000000, 0x0000000100000000)
  region size 1024K, 1 young (1024K), 0 survivors (0K)
 Metaspace       used 63174K, committed 63936K, reserved 1114112K
  class space    used 7700K, committed 8000K, reserved 1048576K
GC Heap History (20 events):
Event: 17230.981 GC heap after
{Heap after GC invocations=1138 (full 1080):
 garbage-first heap   total reserved 1048576K, committed 137216K, used 38389K [0x00000000c0000000, 0x0000000100000000)
  region size 1024K, 0 young (0K), 0 survivors (0K)
 Metaspace       used 63174K, committed 63936K, reserved 1114112K
  class space    used 7700K, committed 8000K, reserved 1048576K
}
Event: 17241.230 GC heap before
{Heap before GC invocations=1138 (full 1080):
 garbage-first heap   total reserved 1048576K, committed 137216K, used 38389K [0x00000000c0000000, 0x0000000100000000)
  region size 1024K, 1 young (1024K), 0 survivors (0K)
 Metaspace       used 63174K, committed 63936K, reserved 1114112K
  class space    used 7700K, committed 8000K, reserved 1048576K
}
Event: 17241.257 GC heap after
{Heap after GC invocations=1139 (full 1081):
 garbage-first heap   total reserved 1048576K, committed 137216K, used 38389K [0x00000000c0000000, 0x0000000100000000)
  region size 1024K, 0 young (0K), 0 survivors (0K)
 Metaspace       used 63174K, committed 63936K, reserved 1114112K
  class space    used 7700K, committed 8000K, reserved 1048576K
}
Event: 17251.491 GC heap before
{Heap before GC invocations=1139 (full 1081):
 garbage-first heap   total reserved 1048576K, committed 137216K, used 38389K [0x00000000c0000000, 0x0000000100000000)
  region size 1024K, 1 young (1024K), 0 survivors (0K)
 Metaspace       used 63174K, committed 63936K, reserved 1114112K
  class space    used 7700K, committed 8000K, reserved 1048576K
}
Event: 17251.517 GC heap after
{Heap after GC invocations=1140 (full 1082):
 garbage-first heap   total reserved 1048576K, committed 137216K, used 38389K [0x00000000c0000000, 0x0000000100000000)
  region size 1024K, 0 young (0K), 0 survivors (0K)
 Metaspace       used 63174K, committed 63936K, reserved 1114112K
  class space    used 7700K, committed 8000K, reserved 1048576K
}
Event: 17261.788 GC heap before
{Heap before GC invocations=1140 (full 1082):
 garbage-first heap   total reserved 1048576K, committed 137216K, used 38389K [0x00000000c0000000, 0x0000000100000000)
  region size 1024K, 1 young (1024K), 0 survivors (0K)
 Metaspace       used 63174K, committed 63936K, reserved 1114112K
  class space    used 7700K, committed 8000K, reserved 1048576K
}
Event: 17261.814 GC heap after
{Heap after GC invocations=1141 (full 1083):
 garbage-first heap   total reserved 1048576K, committed 137216K, used 38389K [0x00000000c0000000, 0x0000000100000000)
  region size 1024K, 0 young (0K), 0 survivors (0K)
 Metaspace       used 63174K, committed 63936K, reserved 1114112K
  class space    used 7700K, committed 8000K, reserved 1048576K
}
Event: 17272.039 GC heap before
{Heap before GC invocations=1141 (full 1083):
 garbage-first heap   total reserved 1048576K, committed 137216K, used 38389K [0x00000000c0000000, 0x0000000100000000)
  region size 1024K, 1 young (1024K), 0 survivors (0K)
 Metaspace       used 63174K, committed 63936K, reserved 1114112K
  class space    used 7700K, committed 8000K, reserved 1048576K
}
Event: 17272.065 GC heap after
{Heap after GC invocations=1142 (full 1084):
 garbage-first heap   total reserved 1048576K, committed 137216K, used 38389K [0x00000000c0000000, 0x0000000100000000)
  region size 1024K, 0 young (0K), 0 survivors (0K)
 Metaspace       used 63174K, committed 63936K, reserved 1114112K
  class space    used 7700K, committed 8000K, reserved 1048576K
}
Event: 17282.249 GC heap before
{Heap before GC invocations=1142 (full 1084):
 garbage-first heap   total reserved 1048576K, committed 137216K, used 38389K [0x00000000c0000000, 0x0000000100000000)
  region size 1024K, 1 young (1024K), 0 survivors (0K)
 Metaspace       used 63174K, committed 63936K, reserved 1114112K
  class space    used 7700K, committed 8000K, reserved 1048576K
}
Event: 17282.264 GC heap after
{Heap after GC invocations=1143 (full 1085):
 garbage-first heap   total reserved 1048576K, committed 137216K, used 38389K [0x00000000c0000000, 0x0000000100000000)
  region size 1024K, 0 young (0K), 0 survivors (0K)
 Metaspace       used 63174K, committed 63936K, reserved 1114112K
  class space    used 7700K, committed 8000K, reserved 1048576K
}
Event: 17292.497 GC heap before
{Heap before GC invocations=1143 (full 1085):
 garbage-first heap   total reserved 1048576K, committed 137216K, used 38389K [0x00000000c0000000, 0x0000000100000000)
  region size 1024K, 1 young (1024K), 0 survivors (0K)
 Metaspace       used 63174K, committed 63936K, reserved 1114112K
  class space    used 7700K, committed 8000K, reserved 1048576K
}
Event: 17292.511 GC heap after
{Heap after GC invocations=1144 (full 1086):
 garbage-first heap   total reserved 1048576K, committed 137216K, used 38389K [0x00000000c0000000, 0x0000000100000000)
  region size 1024K, 0 young (0K), 0 survivors (0K)
 Metaspace       used 63174K, committed 63936K, reserved 1114112K
  class space    used 7700K, committed 8000K, reserved 1048576K
}
Event: 17302.786 GC heap before
{Heap before GC invocations=1144 (full 1086):
 garbage-first heap   total reserved 1048576K, committed 137216K, used 38389K [0x00000000c0000000, 0x0000000100000000)
  region size 1024K, 1 young (1024K), 0 survivors (0K)
 Metaspace       used 63174K, committed 63936K, reserved 1114112K
  class space    used 7700K, committed 8000K, reserved 1048576K
}
Event: 17302.809 GC heap after
{Heap after GC invocations=1145 (full 1087):
 garbage-first heap   total reserved 1048576K, committed 137216K, used 38389K [0x00000000c0000000, 0x0000000100000000)
  region size 1024K, 0 young (0K), 0 survivors (0K)
 Metaspace       used 63174K, committed 63936K, reserved 1114112K
  class space    used 7700K, committed 8000K, reserved 1048576K
}
Event: 17313.072 GC heap before
{Heap before GC invocations=1145 (full 1087):
 garbage-first heap   total reserved 1048576K, committed 137216K, used 38389K [0x00000000c0000000, 0x0000000100000000)
  region size 1024K, 1 young (1024K), 0 survivors (0K)
 Metaspace       used 63174K, committed 63936K, reserved 1114112K
  class space    used 7700K, committed 8000K, reserved 1048576K
}
Event: 17313.097 GC heap after
{Heap after GC invocations=1146 (full 1088):
 garbage-first heap   total reserved 1048576K, committed 137216K, used 38389K [0x00000000c0000000, 0x0000000100000000)
  region size 1024K, 0 young (0K), 0 survivors (0K)
 Metaspace       used 63174K, committed 63936K, reserved 1114112K
  class space    used 7700K, committed 8000K, reserved 1048576K
}
Event: 17323.376 GC heap before
{Heap before GC invocations=1146 (full 1088):
 garbage-first heap   total reserved 1048576K, committed 137216K, used 38389K [0x00000000c0000000, 0x0000000100000000)
  region size 1024K, 1 young (1024K), 0 survivors (0K)
 Metaspace       used 63174K, committed 63936K, reserved 1114112K
  class space    used 7700K, committed 8000K, reserved 1048576K
}
Event: 17323.395 GC heap after
{Heap after GC invocations=1147 (full 1089):
 garbage-first heap   total reserved 1048576K, committed 137216K, used 38389K [0x00000000c0000000, 0x0000000100000000)
  region size 1024K, 0 young (0K), 0 survivors (0K)
 Metaspace       used 63174K, committed 63936K, reserved 1114112K
  class space    used 7700K, committed 8000K, reserved 1048576K
}
Event: 17333.460 GC heap before
{Heap before GC invocations=1147 (full 1089):
 garbage-first heap   total reserved 1048576K, committed 137216K, used 38389K [0x00000000c0000000, 0x0000000100000000)
  region size 1024K, 1 young (1024K), 0 survivors (0K)
 Metaspace       used 63174K, committed 63936K, reserved 1114112K
  class space    used 7700K, committed 8000K, reserved 1048576K
}

