# JRE version: OpenJDK Runtime Environment Temurin-22.0.1+8 (22.0.1+8) (build 22.0.1+8)
# Java VM: OpenJDK 64-Bit Server VM Temurin-22.0.1+8 (22.0.1+8, mixed mode, emulated-client, tiered, compressed oops, compressed class ptrs, g1 gc, windows-amd64)
GC Precious Log:
 CardTable entry size: 512
 Card Set container configuration: InlinePtr #cards 5 size 8 Array Of Cards #cards 12 size 40 Howl #buckets 4 coarsen threshold 1843 Howl Bitmap #cards 512 size 80 coarsen threshold 460 Card regions per heap region 1 cards per card region 2048
 CPUs: 20 total, 20 available
 Memory: 30413M
 Large Page Support: Disabled
 NUMA Support: Disabled
 Compressed Oops: Enabled (32-bit)
 Heap Region Size: 1M
 Heap Min Capacity: 8M
 Heap Initial Capacity: 476M
 Heap Max Capacity: 1G
 Pre-touch: Disabled
 Parallel Workers: 15
 Concurrent Workers: 4
 Concurrent Refinement Workers: 15
 Periodic GC: Disabled
Heap:
 garbage-first heap   total reserved 1048576K, committed 130048K, used 37328K [0x00000000c0000000, 0x0000000100000000)
  region size 1024K, 1 young (1024K), 0 survivors (0K)
 Metaspace       used 60827K, committed 62144K, reserved 1114112K
  class space    used 7316K, committed 7808K, reserved 1048576K
GC Heap History (20 events):
Event: 594.468 GC heap after
{Heap after GC invocations=65 (full 51):
 garbage-first heap   total reserved 1048576K, committed 130048K, used 37328K [0x00000000c0000000, 0x0000000100000000)
  region size 1024K, 0 young (0K), 0 survivors (0K)
 Metaspace       used 60827K, committed 62144K, reserved 1114112K
  class space    used 7316K, committed 7808K, reserved 1048576K
}
Event: 604.709 GC heap before
{Heap before GC invocations=65 (full 51):
 garbage-first heap   total reserved 1048576K, committed 130048K, used 37328K [0x00000000c0000000, 0x0000000100000000)
  region size 1024K, 1 young (1024K), 0 survivors (0K)
 Metaspace       used 60827K, committed 62144K, reserved 1114112K
  class space    used 7316K, committed 7808K, reserved 1048576K
}
Event: 604.724 GC heap after
{Heap after GC invocations=66 (full 52):
 garbage-first heap   total reserved 1048576K, committed 130048K, used 37328K [0x00000000c0000000, 0x0000000100000000)
  region size 1024K, 0 young (0K), 0 survivors (0K)
 Metaspace       used 60827K, committed 62144K, reserved 1114112K
  class space    used 7316K, committed 7808K, reserved 1048576K
}
Event: 614.898 GC heap before
{Heap before GC invocations=66 (full 52):
 garbage-first heap   total reserved 1048576K, committed 130048K, used 37328K [0x00000000c0000000, 0x0000000100000000)
  region size 1024K, 1 young (1024K), 0 survivors (0K)
 Metaspace       used 60827K, committed 62144K, reserved 1114112K
  class space    used 7316K, committed 7808K, reserved 1048576K
}
Event: 614.912 GC heap after
{Heap after GC invocations=67 (full 53):
 garbage-first heap   total reserved 1048576K, committed 130048K, used 37328K [0x00000000c0000000, 0x0000000100000000)
  region size 1024K, 0 young (0K), 0 survivors (0K)
 Metaspace       used 60827K, committed 62144K, reserved 1114112K
  class space    used 7316K, committed 7808K, reserved 1048576K
}
Event: 625.111 GC heap before
{Heap before GC invocations=67 (full 53):
 garbage-first heap   total reserved 1048576K, committed 130048K, used 37328K [0x00000000c0000000, 0x0000000100000000)
  region size 1024K, 1 young (1024K), 0 survivors (0K)
 Metaspace       used 60827K, committed 62144K, reserved 1114112K
  class space    used 7316K, committed 7808K, reserved 1048576K
}
Event: 625.130 GC heap after
{Heap after GC invocations=68 (full 54):
 garbage-first heap   total reserved 1048576K, committed 130048K, used 37328K [0x00000000c0000000, 0x0000000100000000)
  region size 1024K, 0 young (0K), 0 survivors (0K)
 Metaspace       used 60827K, committed 62144K, reserved 1114112K
  class space    used 7316K, committed 7808K, reserved 1048576K
}
Event: 635.354 GC heap before
{Heap before GC invocations=68 (full 54):
 garbage-first heap   total reserved 1048576K, committed 130048K, used 37328K [0x00000000c0000000, 0x0000000100000000)
  region size 1024K, 1 young (1024K), 0 survivors (0K)
 Metaspace       used 60827K, committed 62144K, reserved 1114112K
  class space    used 7316K, committed 7808K, reserved 1048576K
}
Event: 635.375 GC heap after
{Heap after GC invocations=69 (full 55):
 garbage-first heap   total reserved 1048576K, committed 130048K, used 37328K [0x00000000c0000000, 0x0000000100000000)
  region size 1024K, 0 young (0K), 0 survivors (0K)
 Metaspace       used 60827K, committed 62144K, reserved 1114112K
  class space    used 7316K, committed 7808K, reserved 1048576K
}
Event: 645.608 GC heap before
{Heap before GC invocations=69 (full 55):
 garbage-first heap   total reserved 1048576K, committed 130048K, used 37328K [0x00000000c0000000, 0x0000000100000000)
  region size 1024K, 1 young (1024K), 0 survivors (0K)
 Metaspace       used 60827K, committed 62144K, reserved 1114112K
  class space    used 7316K, committed 7808K, reserved 1048576K
}
Event: 645.622 GC heap after
{Heap after GC invocations=70 (full 56):
 garbage-first heap   total reserved 1048576K, committed 130048K, used 37328K [0x00000000c0000000, 0x0000000100000000)
  region size 1024K, 0 young (0K), 0 survivors (0K)
 Metaspace       used 60827K, committed 62144K, reserved 1114112K
  class space    used 7316K, committed 7808K, reserved 1048576K
}
Event: 655.808 GC heap before
{Heap before GC invocations=70 (full 56):
 garbage-first heap   total reserved 1048576K, committed 130048K, used 37328K [0x00000000c0000000, 0x0000000100000000)
  region size 1024K, 1 young (1024K), 0 survivors (0K)
 Metaspace       used 60827K, committed 62144K, reserved 1114112K
  class space    used 7316K, committed 7808K, reserved 1048576K
}
Event: 655.821 GC heap after
{Heap after GC invocations=71 (full 57):
 garbage-first heap   total reserved 1048576K, committed 130048K, used 37328K [0x00000000c0000000, 0x0000000100000000)
  region size 1024K, 0 young (0K), 0 survivors (0K)
 Metaspace       used 60827K, committed 62144K, reserved 1114112K
  class space    used 7316K, committed 7808K, reserved 1048576K
}
Event: 666.045 GC heap before
{Heap before GC invocations=71 (full 57):
 garbage-first heap   total reserved 1048576K, committed 130048K, used 37328K [0x00000000c0000000, 0x0000000100000000)
  region size 1024K, 1 young (1024K), 0 survivors (0K)
 Metaspace       used 60827K, committed 62144K, reserved 1114112K
  class space    used 7316K, committed 7808K, reserved 1048576K
}
Event: 666.060 GC heap after
{Heap after GC invocations=72 (full 58):
 garbage-first heap   total reserved 1048576K, committed 130048K, used 37328K [0x00000000c0000000, 0x0000000100000000)
  region size 1024K, 0 young (0K), 0 survivors (0K)
 Metaspace       used 60827K, committed 62144K, reserved 1114112K
  class space    used 7316K, committed 7808K, reserved 1048576K
}
Event: 676.256 GC heap before
{Heap before GC invocations=72 (full 58):
 garbage-first heap   total reserved 1048576K, committed 130048K, used 37328K [0x00000000c0000000, 0x0000000100000000)
  region size 1024K, 1 young (1024K), 0 survivors (0K)
 Metaspace       used 60827K, committed 62144K, reserved 1114112K
  class space    used 7316K, committed 7808K, reserved 1048576K
}
Event: 676.272 GC heap after
{Heap after GC invocations=73 (full 59):
 garbage-first heap   total reserved 1048576K, committed 130048K, used 37328K [0x00000000c0000000, 0x0000000100000000)
  region size 1024K, 0 young (0K), 0 survivors (0K)
 Metaspace       used 60827K, committed 62144K, reserved 1114112K
  class space    used 7316K, committed 7808K, reserved 1048576K
}
Event: 686.453 GC heap before
{Heap before GC invocations=73 (full 59):
 garbage-first heap   total reserved 1048576K, committed 130048K, used 37328K [0x00000000c0000000, 0x0000000100000000)
  region size 1024K, 1 young (1024K), 0 survivors (0K)
 Metaspace       used 60827K, committed 62144K, reserved 1114112K
  class space    used 7316K, committed 7808K, reserved 1048576K
}
Event: 686.471 GC heap after
{Heap after GC invocations=74 (full 60):
 garbage-first heap   total reserved 1048576K, committed 130048K, used 37328K [0x00000000c0000000, 0x0000000100000000)
  region size 1024K, 0 young (0K), 0 survivors (0K)
 Metaspace       used 60827K, committed 62144K, reserved 1114112K
  class space    used 7316K, committed 7808K, reserved 1048576K
}
Event: 696.527 GC heap before
{Heap before GC invocations=74 (full 60):
 garbage-first heap   total reserved 1048576K, committed 130048K, used 37328K [0x00000000c0000000, 0x0000000100000000)
  region size 1024K, 1 young (1024K), 0 survivors (0K)
 Metaspace       used 60827K, committed 62144K, reserved 1114112K
  class space    used 7316K, committed 7808K, reserved 1048576K
}

